<?xml version="1.0" encoding="UTF-8"?>
<!-- Generated by org.testng.reporters.JUnitXMLReporter -->
<testsuite ignored="0" hostname="Lucifer" failures="0" tests="6" name="Default test" time="20.868" errors="0" timestamp="2024-08-26T17:35:48 IST">
  <testcase classname="api.test.Data_Test" name="testPostUser" time="7.57"/>
  <testcase classname="api.test.Data_Test" name="testPostUser" time="1.737"/>
  <testcase classname="api.test.Data_Test" name="testPostUser" time="1.497"/>
  <testcase classname="api.test.Data_Test" name="testDeleteUserByName" time="1.6"/>
  <testcase classname="api.test.Data_Test" name="testDeleteUserByName" time="1.566"/>
  <testcase classname="api.test.Data_Test" name="testDeleteUserByName" time="1.58"/>
</testsuite> <!-- Default test -->
